#
# There is insufficient memory for the Java Runtime Environment to continue.
# Native memory allocation (mmap) failed to map 266338304 bytes. Error detail: G1 virtual space
# Possible reasons:
#   The system is out of physical RAM or swap space
#   This process is running with CompressedOops enabled, and the Java Heap may be blocking the growth of the native heap
# Possible solutions:
#   Reduce memory load on the system
#   Increase physical memory or swap space
#   Check if swap backing store is full
#   Decrease Java heap size (-Xmx/-Xms)
#   Decrease number of Java threads
#   Decrease Java thread stack sizes (-Xss)
#   Set larger code cache with -XX:ReservedCodeCacheSize=
#   JVM is running with Zero Based Compressed Oops mode in which the Java heap is
#     placed in the first 32GB address space. The Java Heap base address is the
#     maximum limit for the native heap growth. Please use -XX:HeapBaseMinAddress
#     to set the Java Heap base and to place the Java Heap above 32GB virtual address.
# This output file may be truncated or incomplete.
#
#  Out of Memory Error (os_windows.cpp:3828), pid=45244, tid=52592
#
# JRE version:  (21.0.4+13) (build )
# Java VM: OpenJDK 64-Bit Server VM (21.0.4+13-b509.26, mixed mode, sharing, tiered, compressed oops, compressed class ptrs, g1 gc, windows-amd64)
# No core dump will be written. Minidumps are not enabled by default on client versions of Windows
#

---------------  S U M M A R Y ------------

Command Line: -Djava.io.tmpdir=C:\Users\vivi\AppData\Local\JetBrains\Rider2024.2\tmp\statistics-uploader com.intellij.internal.statistic.uploader.EventLogUploader --ide-token C:\Users\vivi\AppData\Local\JetBrains\Rider2024.2\token --recorders FUS;MP --device-fus 0911241947f457b-bdcc-4d3f-98cb-d154815cf80d --bucket-fus 184 --machine-fus 32470e19e0b04e71eb1a487860776433230e216f63a6289d7042adcd26e69018 --id-revision-fus 0 --files-fus C:\Users\vivi\AppData\Local\JetBrains\Rider2024.2\event-log-data\logs\FUS\0f85-4d91-97ab-83624ed0c1b5-242.23726.100-release.log --escape-fus true --device-mp 0911241b7bc145b-3a38-4325-bcec-c715efa6b11b --bucket-mp 234 --machine-mp 25e3ebd109b7bfeaabeb04c7fd042ecbbbc2a4321c043deaae8016f1f781704a --id-revision-mp 0 --files-mp C:\Users\vivi\AppData\Local\JetBrains\Rider2024.2\event-log-data\logs\MP\dccc-47b4-9566-b1d485a8f999-242.23726.100-release.log --escape-mp true --url https://resources.jetbrains.com/storage/fus/config/v4/%s/%s.json --product RD --product-version 2024.2.7 --baseline-version 242 --user-agent JetBrains Rider/242.23726.100 --extra-headers 

Host: 13th Gen Intel(R) Core(TM) i5-13400F, 16 cores, 15G,  Windows 10 , 64 bit Build 19041 (10.0.19041.546)
Time: Tue Nov  4 17:05:44 2025  Windows 10 , 64 bit Build 19041 (10.0.19041.546) elapsed time: 0.019008 seconds (0d 0h 0m 0s)

---------------  T H R E A D  ---------------

Current thread (0x000001b4de582340):  JavaThread "Unknown thread" [_thread_in_vm, id=52592, stack(0x0000009d49100000,0x0000009d49200000) (1024K)]

Stack: [0x0000009d49100000,0x0000009d49200000]
Native frames: (J=compiled Java code, j=interpreted, Vv=VM code, C=native code)
V  [jvm.dll+0x6e3739]
V  [jvm.dll+0x8c0c33]
V  [jvm.dll+0x8c318e]
V  [jvm.dll+0x8c3873]
V  [jvm.dll+0x288256]
V  [jvm.dll+0x6dfec5]
V  [jvm.dll+0x6d439a]
V  [jvm.dll+0x36211b]
V  [jvm.dll+0x369cc6]
V  [jvm.dll+0x3bbdf6]
V  [jvm.dll+0x3bc0c8]
V  [jvm.dll+0x3348dc]
V  [jvm.dll+0x3355cb]
V  [jvm.dll+0x888099]
V  [jvm.dll+0x3c8f28]
V  [jvm.dll+0x871238]
V  [jvm.dll+0x45d8de]
V  [jvm.dll+0x45f5c1]
C  [jli.dll+0x52ab]
C  [ucrtbase.dll+0x214c2]
C  [KERNEL32.DLL+0x17034]
C  [ntdll.dll+0x4cec1]


---------------  P R O C E S S  ---------------

Threads class SMR info:
_java_thread_list=0x00007ffbaf3a2108, length=0, elements={
}

Java Threads: ( => current thread )
Total: 0

Other Threads:
  0x000001b4e08718d0 WorkerThread "GC Thread#0"                     [id=35592, stack(0x0000009d49200000,0x0000009d49300000) (1024K)]
  0x000001b4e0882700 ConcurrentGCThread "G1 Main Marker"            [id=50828, stack(0x0000009d49300000,0x0000009d49400000) (1024K)]
  0x000001b4e08838b0 WorkerThread "G1 Conc#0"                       [id=8416, stack(0x0000009d49400000,0x0000009d49500000) (1024K)]

[error occurred during error reporting (printing all threads), id 0xc0000005, EXCEPTION_ACCESS_VIOLATION (0xc0000005) at pc=0x00007ffbaea97997]
VM state: not at safepoint (not fully initialized)

VM Mutex/Monitor currently owned by a thread:  ([mutex/lock_event])
[0x00007ffbaf416a48] Heap_lock - owner thread: 0x000001b4de582340

Heap address: 0x0000000702600000, size: 4058 MB, Compressed Oops mode: Zero based, Oop shift amount: 3

CDS archive(s) mapped at: [0x0000000000000000-0x0000000000000000-0x0000000000000000), size 0, SharedBaseAddress: 0x0000000800000000, ArchiveRelocationMode: 1.
Narrow klass base: 0x0000000000000000, Narrow klass shift: 0, Narrow klass range: 0x0

GC Precious Log:
 CardTable entry size: 512
 Card Set container configuration: InlinePtr #cards 4 size 8 Array Of Cards #cards 16 size 48 Howl #buckets 8 coarsen threshold 3686 Howl Bitmap #cards 512 size 80 coarsen threshold 460 Card regions per heap region 1 cards per card region 4096

Heap:
 garbage-first heap   total 0K, used 0K [0x0000000702600000, 0x0000000800000000)
  region size 2048K, 0 young (0K), 0 survivors (0K)
 Metaspace       used 0K, committed 0K, reserved 0K
  class space    used 0K, committed 0K, reserved 0K

Heap Regions: E=young(eden), S=young(survivor), O=old, HS=humongous(starts), HC=humongous(continues), CS=collection set, F=free, TAMS=top-at-mark-start, PB=parsable bottom

Card table byte_map: [0x000001b4f47a0000,0x000001b4f4f90000] _byte_map_base: 0x000001b4f0f8d000

Marking Bits: (CMBitMap*) 0x000001b4e0871ee0
 Bits: [0x000001b4f4f90000, 0x000001b4f8ef8000)

GC Heap History (0 events):
No events

Dll operation events (1 events):
Event: 0.013 Loaded shared library D:\JetBrains Rider 2024.2.7\jbr\bin\java.dll

Deoptimization events (0 events):
No events

Classes loaded (0 events):
No events

Classes unloaded (0 events):
No events

Classes redefined (0 events):
No events

Internal exceptions (0 events):
No events

ZGC Phase Switch (0 events):
No events

VM Operations (0 events):
No events

Memory protections (0 events):
No events

Nmethod flushes (0 events):
No events

Events (0 events):
No events


Dynamic libraries:
0x00007ff6fa4a0000 - 0x00007ff6fa4aa000 	D:\JetBrains Rider 2024.2.7\jbr\bin\java.exe
0x00007ffc0f8d0000 - 0x00007ffc0fac6000 	C:\Windows\SYSTEM32\ntdll.dll
0x00007ffc0e5c0000 - 0x00007ffc0e67d000 	C:\Windows\System32\KERNEL32.DLL
0x00007ffc0d1c0000 - 0x00007ffc0d488000 	C:\Windows\System32\KERNELBASE.dll
0x00007ffc0d070000 - 0x00007ffc0d170000 	C:\Windows\System32\ucrtbase.dll
0x00007ffbf9270000 - 0x00007ffbf928b000 	D:\JetBrains Rider 2024.2.7\jbr\bin\VCRUNTIME140.dll
0x00007ffbce7a0000 - 0x00007ffbce7b8000 	D:\JetBrains Rider 2024.2.7\jbr\bin\jli.dll
0x00007ffc0f570000 - 0x00007ffc0f710000 	C:\Windows\System32\USER32.dll
0x00007ffc0d490000 - 0x00007ffc0d4b2000 	C:\Windows\System32\win32u.dll
0x00007ffc0e680000 - 0x00007ffc0e6aa000 	C:\Windows\System32\GDI32.dll
0x00007ffc0d6d0000 - 0x00007ffc0d7d9000 	C:\Windows\System32\gdi32full.dll
0x00007ffc0d7e0000 - 0x00007ffc0d87d000 	C:\Windows\System32\msvcp_win.dll
0x00007ffbfadf0000 - 0x00007ffbfb08b000 	C:\Windows\WinSxS\amd64_microsoft.windows.common-controls_6595b64144ccf1df_6.0.19041.488_none_ca04af081b815d21\COMCTL32.dll
0x00007ffc0ea70000 - 0x00007ffc0eb0e000 	C:\Windows\System32\msvcrt.dll
0x00007ffc0e590000 - 0x00007ffc0e5c0000 	C:\Windows\System32\IMM32.DLL
0x00007ffbf9260000 - 0x00007ffbf926c000 	D:\JetBrains Rider 2024.2.7\jbr\bin\vcruntime140_1.dll
0x00007ffbc9880000 - 0x00007ffbc990d000 	D:\JetBrains Rider 2024.2.7\jbr\bin\msvcp140.dll
0x00007ffbae750000 - 0x00007ffbaf507000 	D:\JetBrains Rider 2024.2.7\jbr\bin\server\jvm.dll
0x00007ffc0e7e0000 - 0x00007ffc0e88c000 	C:\Windows\System32\ADVAPI32.dll
0x00007ffc0f710000 - 0x00007ffc0f7ab000 	C:\Windows\System32\sechost.dll
0x00007ffc0d930000 - 0x00007ffc0da53000 	C:\Windows\System32\RPCRT4.dll
0x00007ffc0eb20000 - 0x00007ffc0eb8b000 	C:\Windows\System32\WS2_32.dll
0x00007ffc04f70000 - 0x00007ffc04f97000 	C:\Windows\SYSTEM32\WINMM.dll
0x00007ffc0c5c0000 - 0x00007ffc0c60b000 	C:\Windows\SYSTEM32\POWRPROF.dll
0x00007ffc07b70000 - 0x00007ffc07b7a000 	C:\Windows\SYSTEM32\VERSION.dll
0x00007ffc0c480000 - 0x00007ffc0c492000 	C:\Windows\SYSTEM32\UMPDC.dll
0x00007ffc0af80000 - 0x00007ffc0af92000 	C:\Windows\SYSTEM32\kernel.appcore.dll
0x00007ffbf9250000 - 0x00007ffbf925a000 	D:\JetBrains Rider 2024.2.7\jbr\bin\jimage.dll
0x00007ffc038d0000 - 0x00007ffc03ab4000 	C:\Windows\SYSTEM32\DBGHELP.DLL
0x00007ffbf5ae0000 - 0x00007ffbf5b0c000 	C:\Windows\SYSTEM32\dbgcore.DLL
0x00007ffc0d4c0000 - 0x00007ffc0d53f000 	C:\Windows\System32\bcryptPrimitives.dll
0x00007ffbf9230000 - 0x00007ffbf924f000 	D:\JetBrains Rider 2024.2.7\jbr\bin\java.dll

dbghelp: loaded successfully - version: 4.0.5 - missing functions: none
symbol engine: initialized successfully - sym options: 0x614 - pdb path: .;D:\JetBrains Rider 2024.2.7\jbr\bin;C:\Windows\SYSTEM32;C:\Windows\WinSxS\amd64_microsoft.windows.common-controls_6595b64144ccf1df_6.0.19041.488_none_ca04af081b815d21;D:\JetBrains Rider 2024.2.7\jbr\bin\server

VM Arguments:
jvm_args: -Djava.io.tmpdir=C:\Users\vivi\AppData\Local\JetBrains\Rider2024.2\tmp\statistics-uploader 
java_command: com.intellij.internal.statistic.uploader.EventLogUploader --ide-token C:\Users\vivi\AppData\Local\JetBrains\Rider2024.2\token --recorders FUS;MP --device-fus 0911241947f457b-bdcc-4d3f-98cb-d154815cf80d --bucket-fus 184 --machine-fus 32470e19e0b04e71eb1a487860776433230e216f63a6289d7042adcd26e69018 --id-revision-fus 0 --files-fus C:\Users\vivi\AppData\Local\JetBrains\Rider2024.2\event-log-data\logs\FUS\0f85-4d91-97ab-83624ed0c1b5-242.23726.100-release.log --escape-fus true --device-mp 0911241b7bc145b-3a38-4325-bcec-c715efa6b11b --bucket-mp 234 --machine-mp 25e3ebd109b7bfeaabeb04c7fd042ecbbbc2a4321c043deaae8016f1f781704a --id-revision-mp 0 --files-mp C:\Users\vivi\AppData\Local\JetBrains\Rider2024.2\event-log-data\logs\MP\dccc-47b4-9566-b1d485a8f999-242.23726.100-release.log --escape-mp true --url https://resources.jetbrains.com/storage/fus/config/v4/%s/%s.json --product RD --product-version 2024.2.7 --baseline-version 242 --user-agent JetBrains Rider/242.23726.100 --extra-headers 
java_class_path (initial): D:\JetBrains Rider 2024.2.7\lib\util-8.jar;D:\JetBrains Rider 2024.2.7\lib\annotations.jar;D:\JetBrains Rider 2024.2.7\lib\lib-client.jar;D:\JetBrains Rider 2024.2.7\lib\stats.jar
Launcher Type: SUN_STANDARD

[Global flags]
     intx CICompilerCount                          = 12                                        {product} {ergonomic}
     uint ConcGCThreads                            = 3                                         {product} {ergonomic}
     uint G1ConcRefinementThreads                  = 13                                        {product} {ergonomic}
   size_t G1HeapRegionSize                         = 2097152                                   {product} {ergonomic}
    uintx GCDrainStackTargetSize                   = 64                                        {product} {ergonomic}
   size_t InitialHeapSize                          = 266338304                                 {product} {ergonomic}
   size_t MarkStackSize                            = 4194304                                   {product} {ergonomic}
   size_t MaxHeapSize                              = 4255121408                                {product} {ergonomic}
   size_t MinHeapDeltaBytes                        = 2097152                                   {product} {ergonomic}
   size_t MinHeapSize                              = 8388608                                   {product} {ergonomic}
    uintx NonNMethodCodeHeapSize                   = 7602480                                {pd product} {ergonomic}
    uintx NonProfiledCodeHeapSize                  = 122027880                              {pd product} {ergonomic}
    uintx ProfiledCodeHeapSize                     = 122027880                              {pd product} {ergonomic}
    uintx ReservedCodeCacheSize                    = 251658240                              {pd product} {ergonomic}
     bool SegmentedCodeCache                       = true                                      {product} {ergonomic}
   size_t SoftMaxHeapSize                          = 4255121408                             {manageable} {ergonomic}
     bool UseCompressedOops                        = true                           {product lp64_product} {ergonomic}
     bool UseG1GC                                  = true                                      {product} {ergonomic}
     bool UseLargePagesIndividualAllocation        = false                                  {pd product} {ergonomic}

Logging:
Log output configuration:
 #0: stdout all=warning uptime,level,tags foldmultilines=false
 #1: stderr all=off uptime,level,tags foldmultilines=false

Environment Variables:
PATH=C:\Windows\system32;C:\Windows;C:\Windows\System32\Wbem;C:\Windows\System32\WindowsPowerShell\v1.0\;C:\Windows\System32\OpenSSH\;C:\Program Files\NVIDIA Corporation\NVIDIA NvDLISR;C:\Program Files (x86)\NVIDIA Corporation\PhysX\Common;C:\Program Files\dotnet\;C:\Windows\system32\config\systemprofile\AppData\Local\Muse Hub\lib;C:\Users\vivi\AppData\Local\Microsoft\WindowsApps;C:\Users\vivi\AppData\Local\Programs\Microsoft VS Code\bin;C:\Users\vivi\.dotnet\tools;D:\Git\cmd;C:\Users\vivi\AppData\Local\GitHubDesktop\bin;D:\Git LFS;D:\Git\bin\Git LFS;C:\Users\vivi\AppData\Local\Muse Hub\lib;D:\cursor\resources\app\bin
USERNAME=vivi
OS=Windows_NT
PROCESSOR_IDENTIFIER=Intel64 Family 6 Model 191 Stepping 2, GenuineIntel
TMP=C:\Users\vivi\AppData\Local\Temp
TEMP=C:\Users\vivi\AppData\Local\Temp




Periodic native trim disabled

JNI global refs:
JNI global refs: 0, weak refs: 0

JNI global refs memory usage: 0, weak refs: 0

Process memory usage:
Resident Set Size: 10764K (0% of 16615200K total physical memory with 600844K free physical memory)

OOME stack traces (most recent first):
Classloader memory used:

---------------  S Y S T E M  ---------------

OS:
 Windows 10 , 64 bit Build 19041 (10.0.19041.546)
OS uptime: 17 days 7:08 hours

CPU: total 16 (initial active 16) (8 cores per cpu, 2 threads per core) family 6 model 191 stepping 2 microcode 0x2e, cx8, cmov, fxsr, ht, mmx, 3dnowpref, sse, sse2, sse3, ssse3, sse4.1, sse4.2, popcnt, lzcnt, tsc, tscinvbit, avx, avx2, aes, erms, clmul, bmi1, bmi2, adx, sha, fma, vzeroupper, clflush, clflushopt, clwb, serialize, rdtscp, rdpid, fsrm, f16c, pku, cet_ibt, cet_ss
Processor Information for all 16 processors :
  Max Mhz: 2500, Current Mhz: 2500, Mhz Limit: 2500

Memory: 4k page, system-wide physical 16225M (586M free)
TotalPageFile size 41825M (AvailPageFile size 151M)
current process WorkingSet (physical memory assigned to process): 10M, peak: 10M
current process commit charge ("private bytes"): 70M, peak: 324M

vm_info: OpenJDK 64-Bit Server VM (21.0.4+13-b509.26) for windows-amd64 JRE (21.0.4+13-b509.26), built on 2024-09-27 by "builduser" with MS VC++ 16.10 / 16.11 (VS2019)

END.
